{"/home/alex-marques/Rocketseat/find_friend/src/app.ts": {"path":"/home/alex-marques/Rocketseat/find_friend/src/app.ts","all":true,"statementMap":{"0":{"start":{"line":1,"column":0},"end":{"line":1,"column":30}},"2":{"start":{"line":3,"column":0},"end":{"line":3,"column":29}}},"s":{"0":0,"2":0},"branchMap":{"0":{"type":"branch","line":1,"loc":{"start":{"line":1,"column":0},"end":{"line":3,"column":-2}},"locations":[{"start":{"line":1,"column":0},"end":{"line":3,"column":-2}}]}},"b":{"0":[0]},"fnMap":{"0":{"name":"(empty-report)","decl":{"start":{"line":1,"column":0},"end":{"line":3,"column":-2}},"loc":{"start":{"line":1,"column":0},"end":{"line":3,"column":-2}},"line":1}},"f":{"0":0}}
,"/home/alex-marques/Rocketseat/find_friend/src/server.ts": {"path":"/home/alex-marques/Rocketseat/find_friend/src/server.ts","all":true,"statementMap":{"0":{"start":{"line":1,"column":0},"end":{"line":1,"column":28}},"2":{"start":{"line":3,"column":0},"end":{"line":3,"column":12}},"3":{"start":{"line":4,"column":0},"end":{"line":4,"column":15}},"4":{"start":{"line":5,"column":0},"end":{"line":5,"column":23}},"5":{"start":{"line":6,"column":0},"end":{"line":6,"column":10}},"6":{"start":{"line":7,"column":0},"end":{"line":7,"column":62}},"7":{"start":{"line":8,"column":0},"end":{"line":8,"column":2}}},"s":{"0":0,"2":0,"3":0,"4":0,"5":0,"6":0,"7":0},"branchMap":{"0":{"type":"branch","line":1,"loc":{"start":{"line":1,"column":0},"end":{"line":8,"column":-75}},"locations":[{"start":{"line":1,"column":0},"end":{"line":8,"column":-75}}]}},"b":{"0":[0]},"fnMap":{"0":{"name":"(empty-report)","decl":{"start":{"line":1,"column":0},"end":{"line":8,"column":-75}},"loc":{"start":{"line":1,"column":0},"end":{"line":8,"column":-75}},"line":1}},"f":{"0":0}}
,"/home/alex-marques/Rocketseat/find_friend/src/domain/repositories/orgRepository.ts": {"path":"/home/alex-marques/Rocketseat/find_friend/src/domain/repositories/orgRepository.ts","all":true,"statementMap":{},"s":{},"branchMap":{"0":{"type":"branch","line":1,"loc":{"start":{"line":1,"column":304},"end":{"line":8,"column":1}},"locations":[{"start":{"line":1,"column":304},"end":{"line":8,"column":1}}]}},"b":{"0":[1]},"fnMap":{"0":{"name":"(empty-report)","decl":{"start":{"line":1,"column":304},"end":{"line":8,"column":1}},"loc":{"start":{"line":1,"column":304},"end":{"line":8,"column":1}},"line":1}},"f":{"0":1}}
,"/home/alex-marques/Rocketseat/find_friend/src/domain/repositories/petRepository.ts": {"path":"/home/alex-marques/Rocketseat/find_friend/src/domain/repositories/petRepository.ts","all":true,"statementMap":{},"s":{},"branchMap":{"0":{"type":"branch","line":1,"loc":{"start":{"line":1,"column":270},"end":{"line":7,"column":1}},"locations":[{"start":{"line":1,"column":270},"end":{"line":7,"column":1}}]}},"b":{"0":[1]},"fnMap":{"0":{"name":"(empty-report)","decl":{"start":{"line":1,"column":270},"end":{"line":7,"column":1}},"loc":{"start":{"line":1,"column":270},"end":{"line":7,"column":1}},"line":1}},"f":{"0":1}}
,"/home/alex-marques/Rocketseat/find_friend/src/domain/repositories/in-memory/OrgInMemoryRepository.ts": {"path":"/home/alex-marques/Rocketseat/find_friend/src/domain/repositories/in-memory/OrgInMemoryRepository.ts","all":false,"statementMap":{"0":{"start":{"line":1,"column":0},"end":{"line":1,"column":45}},"4":{"start":{"line":5,"column":0},"end":{"line":5,"column":61}},"5":{"start":{"line":6,"column":0},"end":{"line":6,"column":27}},"7":{"start":{"line":8,"column":0},"end":{"line":8,"column":58}},"8":{"start":{"line":9,"column":0},"end":{"line":9,"column":20}},"9":{"start":{"line":10,"column":0},"end":{"line":10,"column":14}},"10":{"start":{"line":11,"column":0},"end":{"line":11,"column":43}},"11":{"start":{"line":12,"column":0},"end":{"line":12,"column":21}},"12":{"start":{"line":13,"column":0},"end":{"line":13,"column":19}},"13":{"start":{"line":14,"column":0},"end":{"line":14,"column":17}},"14":{"start":{"line":15,"column":0},"end":{"line":15,"column":19}},"15":{"start":{"line":16,"column":0},"end":{"line":16,"column":35}},"16":{"start":{"line":17,"column":0},"end":{"line":17,"column":23}},"17":{"start":{"line":18,"column":0},"end":{"line":18,"column":27}},"18":{"start":{"line":19,"column":0},"end":{"line":19,"column":23}},"19":{"start":{"line":20,"column":0},"end":{"line":20,"column":27}},"20":{"start":{"line":21,"column":0},"end":{"line":21,"column":4}},"22":{"start":{"line":23,"column":0},"end":{"line":23,"column":23}},"24":{"start":{"line":25,"column":0},"end":{"line":25,"column":13}},"25":{"start":{"line":26,"column":0},"end":{"line":26,"column":2}},"27":{"start":{"line":28,"column":0},"end":{"line":28,"column":32}},"28":{"start":{"line":29,"column":0},"end":{"line":29,"column":57}},"29":{"start":{"line":30,"column":0},"end":{"line":30,"column":2}},"31":{"start":{"line":32,"column":0},"end":{"line":32,"column":36}},"32":{"start":{"line":33,"column":0},"end":{"line":33,"column":61}},"33":{"start":{"line":34,"column":0},"end":{"line":34,"column":2}},"35":{"start":{"line":36,"column":0},"end":{"line":36,"column":37}},"36":{"start":{"line":37,"column":0},"end":{"line":37,"column":55}},"37":{"start":{"line":38,"column":0},"end":{"line":38,"column":2}},"38":{"start":{"line":39,"column":0},"end":{"line":39,"column":1}}},"s":{"0":1,"4":1,"5":11,"7":1,"8":7,"9":7,"10":7,"11":7,"12":7,"13":7,"14":7,"15":7,"16":7,"17":7,"18":7,"19":7,"20":7,"22":7,"24":7,"25":7,"27":1,"28":2,"29":2,"31":1,"32":6,"33":6,"35":1,"36":2,"37":2,"38":1},"branchMap":{"0":{"type":"branch","line":5,"loc":{"start":{"line":5,"column":7},"end":{"line":6,"column":27}},"locations":[{"start":{"line":5,"column":7},"end":{"line":6,"column":27}}]},"1":{"type":"branch","line":8,"loc":{"start":{"line":8,"column":1},"end":{"line":26,"column":2}},"locations":[{"start":{"line":8,"column":1},"end":{"line":26,"column":2}}]},"2":{"type":"branch","line":28,"loc":{"start":{"line":28,"column":1},"end":{"line":30,"column":2}},"locations":[{"start":{"line":28,"column":1},"end":{"line":30,"column":2}}]},"3":{"type":"branch","line":29,"loc":{"start":{"line":29,"column":47},"end":{"line":29,"column":57}},"locations":[{"start":{"line":29,"column":47},"end":{"line":29,"column":57}}]},"4":{"type":"branch","line":29,"loc":{"start":{"line":29,"column":25},"end":{"line":29,"column":47}},"locations":[{"start":{"line":29,"column":25},"end":{"line":29,"column":47}}]},"5":{"type":"branch","line":32,"loc":{"start":{"line":32,"column":1},"end":{"line":34,"column":2}},"locations":[{"start":{"line":32,"column":1},"end":{"line":34,"column":2}}]},"6":{"type":"branch","line":33,"loc":{"start":{"line":33,"column":51},"end":{"line":33,"column":61}},"locations":[{"start":{"line":33,"column":51},"end":{"line":33,"column":61}}]},"7":{"type":"branch","line":33,"loc":{"start":{"line":33,"column":25},"end":{"line":33,"column":51}},"locations":[{"start":{"line":33,"column":25},"end":{"line":33,"column":51}}]},"8":{"type":"branch","line":36,"loc":{"start":{"line":36,"column":1},"end":{"line":38,"column":2}},"locations":[{"start":{"line":36,"column":1},"end":{"line":38,"column":2}}]},"9":{"type":"branch","line":37,"loc":{"start":{"line":37,"column":27},"end":{"line":37,"column":53}},"locations":[{"start":{"line":37,"column":27},"end":{"line":37,"column":53}}]}},"b":{"0":[11],"1":[7],"2":[2],"3":[1],"4":[1],"5":[6],"6":[4],"7":[2],"8":[2],"9":[3]},"fnMap":{"0":{"name":"OrgInMemoryRepository","decl":{"start":{"line":5,"column":7},"end":{"line":6,"column":27}},"loc":{"start":{"line":5,"column":7},"end":{"line":6,"column":27}},"line":5},"1":{"name":"registerOrg","decl":{"start":{"line":8,"column":1},"end":{"line":26,"column":2}},"loc":{"start":{"line":8,"column":1},"end":{"line":26,"column":2}},"line":8},"2":{"name":"findOrgById","decl":{"start":{"line":28,"column":1},"end":{"line":30,"column":2}},"loc":{"start":{"line":28,"column":1},"end":{"line":30,"column":2}},"line":28},"3":{"name":"findOrgByCnpj","decl":{"start":{"line":32,"column":1},"end":{"line":34,"column":2}},"loc":{"start":{"line":32,"column":1},"end":{"line":34,"column":2}},"line":32},"4":{"name":"listOrgsByCity","decl":{"start":{"line":36,"column":1},"end":{"line":38,"column":2}},"loc":{"start":{"line":36,"column":1},"end":{"line":38,"column":2}},"line":36}},"f":{"0":11,"1":7,"2":2,"3":6,"4":2}}
,"/home/alex-marques/Rocketseat/find_friend/src/domain/repositories/in-memory/PetInMemoryRepository.ts": {"path":"/home/alex-marques/Rocketseat/find_friend/src/domain/repositories/in-memory/PetInMemoryRepository.ts","all":true,"statementMap":{"0":{"start":{"line":1,"column":0},"end":{"line":1,"column":50}},"5":{"start":{"line":6,"column":0},"end":{"line":6,"column":61}},"6":{"start":{"line":7,"column":0},"end":{"line":7,"column":30}},"8":{"start":{"line":9,"column":0},"end":{"line":9,"column":61}},"9":{"start":{"line":10,"column":0},"end":{"line":10,"column":21}},"10":{"start":{"line":11,"column":0},"end":{"line":11,"column":20}},"11":{"start":{"line":12,"column":0},"end":{"line":12,"column":22}},"12":{"start":{"line":13,"column":0},"end":{"line":13,"column":9}},"14":{"start":{"line":15,"column":0},"end":{"line":15,"column":29}},"16":{"start":{"line":17,"column":0},"end":{"line":17,"column":19}},"17":{"start":{"line":18,"column":0},"end":{"line":18,"column":5}},"19":{"start":{"line":20,"column":0},"end":{"line":20,"column":57}},"20":{"start":{"line":21,"column":0},"end":{"line":21,"column":88}},"22":{"start":{"line":23,"column":0},"end":{"line":23,"column":93}},"24":{"start":{"line":25,"column":0},"end":{"line":25,"column":55}},"25":{"start":{"line":26,"column":0},"end":{"line":26,"column":40}},"26":{"start":{"line":27,"column":0},"end":{"line":27,"column":73}},"27":{"start":{"line":28,"column":0},"end":{"line":28,"column":121}},"28":{"start":{"line":29,"column":0},"end":{"line":29,"column":37}},"29":{"start":{"line":30,"column":0},"end":{"line":30,"column":21}},"30":{"start":{"line":31,"column":0},"end":{"line":31,"column":17}},"31":{"start":{"line":32,"column":0},"end":{"line":32,"column":13}},"32":{"start":{"line":33,"column":0},"end":{"line":33,"column":24}},"33":{"start":{"line":34,"column":0},"end":{"line":34,"column":11}},"35":{"start":{"line":36,"column":0},"end":{"line":36,"column":28}},"36":{"start":{"line":37,"column":0},"end":{"line":37,"column":5}},"38":{"start":{"line":39,"column":0},"end":{"line":39,"column":40}},"39":{"start":{"line":40,"column":0},"end":{"line":40,"column":69}},"41":{"start":{"line":42,"column":0},"end":{"line":42,"column":18}},"42":{"start":{"line":43,"column":0},"end":{"line":43,"column":61}},"43":{"start":{"line":44,"column":0},"end":{"line":44,"column":9}},"45":{"start":{"line":46,"column":0},"end":{"line":46,"column":19}},"46":{"start":{"line":47,"column":0},"end":{"line":47,"column":5}},"48":{"start":{"line":49,"column":0},"end":{"line":49,"column":1}}},"s":{"0":0,"5":0,"6":0,"8":0,"9":0,"10":0,"11":0,"12":0,"14":0,"16":0,"17":0,"19":0,"20":0,"22":0,"24":0,"25":0,"26":0,"27":0,"28":0,"29":0,"30":0,"31":0,"32":0,"33":0,"35":0,"36":0,"38":0,"39":0,"41":0,"42":0,"43":0,"45":0,"46":0,"48":0},"branchMap":{"0":{"type":"branch","line":1,"loc":{"start":{"line":1,"column":1424},"end":{"line":49,"column":1}},"locations":[{"start":{"line":1,"column":1424},"end":{"line":49,"column":1}}]}},"b":{"0":[0]},"fnMap":{"0":{"name":"(empty-report)","decl":{"start":{"line":1,"column":1424},"end":{"line":49,"column":1}},"loc":{"start":{"line":1,"column":1424},"end":{"line":49,"column":1}},"line":1}},"f":{"0":0}}
,"/home/alex-marques/Rocketseat/find_friend/src/domain/use-cases/org/findOrgByCnpjUseCase.ts": {"path":"/home/alex-marques/Rocketseat/find_friend/src/domain/use-cases/org/findOrgByCnpjUseCase.ts","all":false,"statementMap":{"0":{"start":{"line":1,"column":0},"end":{"line":1,"column":68}},"6":{"start":{"line":7,"column":0},"end":{"line":7,"column":35}},"7":{"start":{"line":8,"column":0},"end":{"line":8,"column":53}},"9":{"start":{"line":10,"column":0},"end":{"line":10,"column":33}},"10":{"start":{"line":11,"column":0},"end":{"line":11,"column":49}},"11":{"start":{"line":12,"column":0},"end":{"line":12,"column":55}},"12":{"start":{"line":13,"column":0},"end":{"line":13,"column":9}},"14":{"start":{"line":15,"column":0},"end":{"line":15,"column":75}},"16":{"start":{"line":17,"column":0},"end":{"line":17,"column":69}},"18":{"start":{"line":19,"column":0},"end":{"line":19,"column":18}},"19":{"start":{"line":20,"column":0},"end":{"line":20,"column":61}},"20":{"start":{"line":21,"column":0},"end":{"line":21,"column":9}},"22":{"start":{"line":23,"column":0},"end":{"line":23,"column":20}},"23":{"start":{"line":24,"column":0},"end":{"line":24,"column":5}},"24":{"start":{"line":25,"column":0},"end":{"line":25,"column":1}}},"s":{"0":1,"6":1,"7":1,"9":1,"10":3,"11":1,"12":1,"14":2,"16":2,"18":3,"19":1,"20":1,"22":1,"23":3,"24":1},"branchMap":{"0":{"type":"branch","line":8,"loc":{"start":{"line":8,"column":4},"end":{"line":8,"column":53}},"locations":[{"start":{"line":8,"column":4},"end":{"line":8,"column":53}}]},"1":{"type":"branch","line":10,"loc":{"start":{"line":10,"column":4},"end":{"line":24,"column":5}},"locations":[{"start":{"line":10,"column":4},"end":{"line":24,"column":5}}]},"2":{"type":"branch","line":11,"loc":{"start":{"line":11,"column":48},"end":{"line":13,"column":9}},"locations":[{"start":{"line":11,"column":48},"end":{"line":13,"column":9}}]},"3":{"type":"branch","line":13,"loc":{"start":{"line":13,"column":8},"end":{"line":19,"column":17}},"locations":[{"start":{"line":13,"column":8},"end":{"line":19,"column":17}}]},"4":{"type":"branch","line":19,"loc":{"start":{"line":19,"column":17},"end":{"line":23,"column":20}},"locations":[{"start":{"line":19,"column":17},"end":{"line":23,"column":20}}]}},"b":{"0":[3],"1":[3],"2":[1],"3":[2],"4":[1]},"fnMap":{"0":{"name":"FindOrgByCnpjUseCase","decl":{"start":{"line":8,"column":4},"end":{"line":8,"column":53}},"loc":{"start":{"line":8,"column":4},"end":{"line":8,"column":53}},"line":8},"1":{"name":"execute","decl":{"start":{"line":10,"column":4},"end":{"line":24,"column":5}},"loc":{"start":{"line":10,"column":4},"end":{"line":24,"column":5}},"line":10}},"f":{"0":3,"1":3}}
,"/home/alex-marques/Rocketseat/find_friend/src/domain/use-cases/org/findOrgByIdUseCase.ts": {"path":"/home/alex-marques/Rocketseat/find_friend/src/domain/use-cases/org/findOrgByIdUseCase.ts","all":false,"statementMap":{"0":{"start":{"line":1,"column":0},"end":{"line":1,"column":68}},"4":{"start":{"line":5,"column":0},"end":{"line":5,"column":33}},"5":{"start":{"line":6,"column":0},"end":{"line":6,"column":53}},"7":{"start":{"line":8,"column":0},"end":{"line":8,"column":31}},"8":{"start":{"line":9,"column":0},"end":{"line":9,"column":58}},"10":{"start":{"line":11,"column":0},"end":{"line":11,"column":18}},"11":{"start":{"line":12,"column":0},"end":{"line":12,"column":61}},"12":{"start":{"line":13,"column":0},"end":{"line":13,"column":9}},"14":{"start":{"line":15,"column":0},"end":{"line":15,"column":21}},"15":{"start":{"line":16,"column":0},"end":{"line":16,"column":5}},"16":{"start":{"line":17,"column":0},"end":{"line":17,"column":1}}},"s":{"0":1,"4":1,"5":1,"7":1,"8":2,"10":2,"11":1,"12":1,"14":1,"15":2,"16":1},"branchMap":{"0":{"type":"branch","line":6,"loc":{"start":{"line":6,"column":4},"end":{"line":6,"column":53}},"locations":[{"start":{"line":6,"column":4},"end":{"line":6,"column":53}}]},"1":{"type":"branch","line":8,"loc":{"start":{"line":8,"column":4},"end":{"line":16,"column":5}},"locations":[{"start":{"line":8,"column":4},"end":{"line":16,"column":5}}]},"2":{"type":"branch","line":11,"loc":{"start":{"line":11,"column":17},"end":{"line":15,"column":21}},"locations":[{"start":{"line":11,"column":17},"end":{"line":15,"column":21}}]}},"b":{"0":[2],"1":[2],"2":[1]},"fnMap":{"0":{"name":"FindOrgByIdUseCase","decl":{"start":{"line":6,"column":4},"end":{"line":6,"column":53}},"loc":{"start":{"line":6,"column":4},"end":{"line":6,"column":53}},"line":6},"1":{"name":"execute","decl":{"start":{"line":8,"column":4},"end":{"line":16,"column":5}},"loc":{"start":{"line":8,"column":4},"end":{"line":16,"column":5}},"line":8}},"f":{"0":2,"1":2}}
,"/home/alex-marques/Rocketseat/find_friend/src/domain/use-cases/org/listOrgsByCityUseCase.ts": {"path":"/home/alex-marques/Rocketseat/find_friend/src/domain/use-cases/org/listOrgsByCityUseCase.ts","all":false,"statementMap":{"0":{"start":{"line":1,"column":0},"end":{"line":1,"column":68}},"4":{"start":{"line":5,"column":0},"end":{"line":5,"column":36}},"5":{"start":{"line":6,"column":0},"end":{"line":6,"column":53}},"7":{"start":{"line":8,"column":0},"end":{"line":8,"column":33}},"8":{"start":{"line":9,"column":0},"end":{"line":9,"column":64}},"10":{"start":{"line":11,"column":0},"end":{"line":11,"column":31}},"11":{"start":{"line":12,"column":0},"end":{"line":12,"column":61}},"12":{"start":{"line":13,"column":0},"end":{"line":13,"column":9}},"14":{"start":{"line":15,"column":0},"end":{"line":15,"column":22}},"15":{"start":{"line":16,"column":0},"end":{"line":16,"column":5}},"16":{"start":{"line":17,"column":0},"end":{"line":17,"column":1}}},"s":{"0":1,"4":1,"5":1,"7":1,"8":2,"10":2,"11":1,"12":1,"14":1,"15":2,"16":1},"branchMap":{"0":{"type":"branch","line":6,"loc":{"start":{"line":6,"column":4},"end":{"line":6,"column":53}},"locations":[{"start":{"line":6,"column":4},"end":{"line":6,"column":53}}]},"1":{"type":"branch","line":8,"loc":{"start":{"line":8,"column":4},"end":{"line":16,"column":5}},"locations":[{"start":{"line":8,"column":4},"end":{"line":16,"column":5}}]},"2":{"type":"branch","line":11,"loc":{"start":{"line":11,"column":30},"end":{"line":15,"column":22}},"locations":[{"start":{"line":11,"column":30},"end":{"line":15,"column":22}}]}},"b":{"0":[2],"1":[2],"2":[1]},"fnMap":{"0":{"name":"ListOrgsByCityUseCase","decl":{"start":{"line":6,"column":4},"end":{"line":6,"column":53}},"loc":{"start":{"line":6,"column":4},"end":{"line":6,"column":53}},"line":6},"1":{"name":"execute","decl":{"start":{"line":8,"column":4},"end":{"line":16,"column":5}},"loc":{"start":{"line":8,"column":4},"end":{"line":16,"column":5}},"line":8}},"f":{"0":2,"1":2}}
,"/home/alex-marques/Rocketseat/find_friend/src/domain/use-cases/org/registerOrgUseCase.ts": {"path":"/home/alex-marques/Rocketseat/find_friend/src/domain/use-cases/org/registerOrgUseCase.ts","all":false,"statementMap":{"0":{"start":{"line":1,"column":0},"end":{"line":1,"column":68}},"7":{"start":{"line":8,"column":0},"end":{"line":8,"column":33}},"8":{"start":{"line":9,"column":0},"end":{"line":9,"column":53}},"10":{"start":{"line":11,"column":0},"end":{"line":11,"column":57}},"13":{"start":{"line":14,"column":0},"end":{"line":14,"column":54}},"14":{"start":{"line":15,"column":0},"end":{"line":15,"column":55}},"15":{"start":{"line":16,"column":0},"end":{"line":16,"column":9}},"17":{"start":{"line":18,"column":0},"end":{"line":18,"column":80}},"19":{"start":{"line":20,"column":0},"end":{"line":20,"column":75}},"21":{"start":{"line":22,"column":0},"end":{"line":22,"column":23}},"22":{"start":{"line":23,"column":0},"end":{"line":23,"column":55}},"23":{"start":{"line":24,"column":0},"end":{"line":24,"column":9}},"26":{"start":{"line":27,"column":0},"end":{"line":27,"column":52}},"27":{"start":{"line":28,"column":0},"end":{"line":28,"column":54}},"28":{"start":{"line":29,"column":0},"end":{"line":29,"column":9}},"30":{"start":{"line":31,"column":0},"end":{"line":31,"column":77}},"32":{"start":{"line":33,"column":0},"end":{"line":33,"column":65}},"34":{"start":{"line":35,"column":0},"end":{"line":35,"column":125}},"36":{"start":{"line":37,"column":0},"end":{"line":37,"column":20}},"37":{"start":{"line":38,"column":0},"end":{"line":38,"column":5}},"38":{"start":{"line":39,"column":0},"end":{"line":39,"column":1}}},"s":{"0":1,"7":1,"8":1,"10":1,"13":5,"14":1,"15":1,"17":4,"19":4,"21":5,"22":1,"23":1,"26":5,"27":1,"28":1,"30":2,"32":2,"34":2,"36":2,"37":5,"38":1},"branchMap":{"0":{"type":"branch","line":9,"loc":{"start":{"line":9,"column":4},"end":{"line":9,"column":53}},"locations":[{"start":{"line":9,"column":4},"end":{"line":9,"column":53}}]},"1":{"type":"branch","line":11,"loc":{"start":{"line":11,"column":4},"end":{"line":38,"column":5}},"locations":[{"start":{"line":11,"column":4},"end":{"line":38,"column":5}}]},"2":{"type":"branch","line":14,"loc":{"start":{"line":14,"column":53},"end":{"line":16,"column":9}},"locations":[{"start":{"line":14,"column":53},"end":{"line":16,"column":9}}]},"3":{"type":"branch","line":16,"loc":{"start":{"line":16,"column":8},"end":{"line":22,"column":22}},"locations":[{"start":{"line":16,"column":8},"end":{"line":22,"column":22}}]},"4":{"type":"branch","line":22,"loc":{"start":{"line":22,"column":22},"end":{"line":24,"column":9}},"locations":[{"start":{"line":22,"column":22},"end":{"line":24,"column":9}}]},"5":{"type":"branch","line":24,"loc":{"start":{"line":24,"column":8},"end":{"line":27,"column":51}},"locations":[{"start":{"line":24,"column":8},"end":{"line":27,"column":51}}]},"6":{"type":"branch","line":27,"loc":{"start":{"line":27,"column":51},"end":{"line":29,"column":9}},"locations":[{"start":{"line":27,"column":51},"end":{"line":29,"column":9}}]},"7":{"type":"branch","line":29,"loc":{"start":{"line":29,"column":8},"end":{"line":37,"column":20}},"locations":[{"start":{"line":29,"column":8},"end":{"line":37,"column":20}}]}},"b":{"0":[4],"1":[5],"2":[1],"3":[4],"4":[1],"5":[3],"6":[1],"7":[2]},"fnMap":{"0":{"name":"RegisterOrgUseCase","decl":{"start":{"line":9,"column":4},"end":{"line":9,"column":53}},"loc":{"start":{"line":9,"column":4},"end":{"line":9,"column":53}},"line":9},"1":{"name":"execute","decl":{"start":{"line":11,"column":4},"end":{"line":38,"column":5}},"loc":{"start":{"line":11,"column":4},"end":{"line":38,"column":5}},"line":11}},"f":{"0":4,"1":5}}
,"/home/alex-marques/Rocketseat/find_friend/src/env/index.ts": {"path":"/home/alex-marques/Rocketseat/find_friend/src/env/index.ts","all":true,"statementMap":{"0":{"start":{"line":1,"column":0},"end":{"line":1,"column":22}},"3":{"start":{"line":4,"column":0},"end":{"line":4,"column":28}},"4":{"start":{"line":5,"column":0},"end":{"line":5,"column":67}},"5":{"start":{"line":6,"column":0},"end":{"line":6,"column":42}},"6":{"start":{"line":7,"column":0},"end":{"line":7,"column":27}},"7":{"start":{"line":8,"column":0},"end":{"line":8,"column":2}},"9":{"start":{"line":10,"column":0},"end":{"line":10,"column":45}},"11":{"start":{"line":12,"column":0},"end":{"line":12,"column":20}},"12":{"start":{"line":13,"column":0},"end":{"line":13,"column":28}},"13":{"start":{"line":14,"column":0},"end":{"line":14,"column":64}},"15":{"start":{"line":16,"column":0},"end":{"line":16,"column":53}},"16":{"start":{"line":17,"column":0},"end":{"line":17,"column":1}},"18":{"start":{"line":19,"column":0},"end":{"line":19,"column":28}}},"s":{"0":0,"3":0,"4":0,"5":0,"6":0,"7":0,"9":0,"11":0,"12":0,"13":0,"15":0,"16":0,"18":0},"branchMap":{"0":{"type":"branch","line":1,"loc":{"start":{"line":1,"column":0},"end":{"line":19,"column":-167}},"locations":[{"start":{"line":1,"column":0},"end":{"line":19,"column":-167}}]}},"b":{"0":[0]},"fnMap":{"0":{"name":"(empty-report)","decl":{"start":{"line":1,"column":0},"end":{"line":19,"column":-167}},"loc":{"start":{"line":1,"column":0},"end":{"line":19,"column":-167}},"line":1}},"f":{"0":0}}
,"/home/alex-marques/Rocketseat/find_friend/src/errors/InvalidDataError.ts": {"path":"/home/alex-marques/Rocketseat/find_friend/src/errors/InvalidDataError.ts","all":false,"statementMap":{"1":{"start":{"line":2,"column":0},"end":{"line":2,"column":45}},"2":{"start":{"line":3,"column":0},"end":{"line":3,"column":35}},"3":{"start":{"line":4,"column":0},"end":{"line":4,"column":21}},"4":{"start":{"line":5,"column":0},"end":{"line":5,"column":27}},"5":{"start":{"line":6,"column":0},"end":{"line":6,"column":19}},"6":{"start":{"line":7,"column":0},"end":{"line":7,"column":9}},"7":{"start":{"line":8,"column":0},"end":{"line":8,"column":15}},"8":{"start":{"line":9,"column":0},"end":{"line":9,"column":5}},"9":{"start":{"line":10,"column":0},"end":{"line":10,"column":1}}},"s":{"1":1,"2":1,"3":4,"4":4,"5":4,"6":4,"7":0,"8":4,"9":1},"branchMap":{"0":{"type":"branch","line":3,"loc":{"start":{"line":3,"column":4},"end":{"line":9,"column":5}},"locations":[{"start":{"line":3,"column":4},"end":{"line":9,"column":5}}]},"1":{"type":"branch","line":7,"loc":{"start":{"line":7,"column":8},"end":{"line":8,"column":15}},"locations":[{"start":{"line":7,"column":8},"end":{"line":8,"column":15}}]}},"b":{"0":[4],"1":[0]},"fnMap":{"0":{"name":"InvalidDataError","decl":{"start":{"line":3,"column":4},"end":{"line":9,"column":5}},"loc":{"start":{"line":3,"column":4},"end":{"line":9,"column":5}},"line":3}},"f":{"0":4}}
,"/home/alex-marques/Rocketseat/find_friend/src/errors/NotFoundError.ts": {"path":"/home/alex-marques/Rocketseat/find_friend/src/errors/NotFoundError.ts","all":false,"statementMap":{"1":{"start":{"line":2,"column":0},"end":{"line":2,"column":50}},"2":{"start":{"line":3,"column":0},"end":{"line":3,"column":35}},"3":{"start":{"line":4,"column":0},"end":{"line":4,"column":21}},"4":{"start":{"line":5,"column":0},"end":{"line":5,"column":27}},"5":{"start":{"line":6,"column":0},"end":{"line":6,"column":19}},"6":{"start":{"line":7,"column":0},"end":{"line":7,"column":9}},"7":{"start":{"line":8,"column":0},"end":{"line":8,"column":15}},"8":{"start":{"line":9,"column":0},"end":{"line":9,"column":5}},"9":{"start":{"line":10,"column":0},"end":{"line":10,"column":1}}},"s":{"1":1,"2":1,"3":3,"4":3,"5":3,"6":3,"7":0,"8":3,"9":1},"branchMap":{"0":{"type":"branch","line":3,"loc":{"start":{"line":3,"column":4},"end":{"line":9,"column":5}},"locations":[{"start":{"line":3,"column":4},"end":{"line":9,"column":5}}]},"1":{"type":"branch","line":7,"loc":{"start":{"line":7,"column":8},"end":{"line":8,"column":15}},"locations":[{"start":{"line":7,"column":8},"end":{"line":8,"column":15}}]}},"b":{"0":[3],"1":[0]},"fnMap":{"0":{"name":"ResourceNotFoundError","decl":{"start":{"line":3,"column":4},"end":{"line":9,"column":5}},"loc":{"start":{"line":3,"column":4},"end":{"line":9,"column":5}},"line":3}},"f":{"0":3}}
,"/home/alex-marques/Rocketseat/find_friend/src/lib/bcrypt.ts": {"path":"/home/alex-marques/Rocketseat/find_friend/src/lib/bcrypt.ts","all":false,"statementMap":{"0":{"start":{"line":1,"column":0},"end":{"line":1,"column":29}},"3":{"start":{"line":4,"column":0},"end":{"line":4,"column":29}}},"s":{"0":1,"3":1},"branchMap":{},"b":{},"fnMap":{},"f":{}}
,"/home/alex-marques/Rocketseat/find_friend/src/lib/prisma.ts": {"path":"/home/alex-marques/Rocketseat/find_friend/src/lib/prisma.ts","all":true,"statementMap":{"0":{"start":{"line":1,"column":0},"end":{"line":1,"column":28}},"3":{"start":{"line":4,"column":0},"end":{"line":4,"column":40}},"4":{"start":{"line":5,"column":0},"end":{"line":5,"column":83}},"5":{"start":{"line":6,"column":0},"end":{"line":6,"column":2}}},"s":{"0":0,"3":0,"4":0,"5":0},"branchMap":{"0":{"type":"branch","line":1,"loc":{"start":{"line":1,"column":204},"end":{"line":6,"column":2}},"locations":[{"start":{"line":1,"column":204},"end":{"line":6,"column":2}}]}},"b":{"0":[0]},"fnMap":{"0":{"name":"(empty-report)","decl":{"start":{"line":1,"column":204},"end":{"line":6,"column":2}},"loc":{"start":{"line":1,"column":204},"end":{"line":6,"column":2}},"line":1}},"f":{"0":0}}
,"/home/alex-marques/Rocketseat/find_friend/src/utils/index.ts": {"path":"/home/alex-marques/Rocketseat/find_friend/src/utils/index.ts","all":false,"statementMap":{"0":{"start":{"line":1,"column":0},"end":{"line":1,"column":52}},"2":{"start":{"line":3,"column":0},"end":{"line":3,"column":53}}},"s":{"0":1,"2":1},"branchMap":{},"b":{},"fnMap":{},"f":{}}
,"/home/alex-marques/Rocketseat/find_friend/src/utils/stringFormaters.ts": {"path":"/home/alex-marques/Rocketseat/find_friend/src/utils/stringFormaters.ts","all":false,"statementMap":{"5":{"start":{"line":6,"column":0},"end":{"line":6,"column":30}},"6":{"start":{"line":7,"column":0},"end":{"line":7,"column":20}},"8":{"start":{"line":9,"column":0},"end":{"line":9,"column":41}},"9":{"start":{"line":10,"column":0},"end":{"line":10,"column":82}},"11":{"start":{"line":12,"column":0},"end":{"line":12,"column":33}},"12":{"start":{"line":13,"column":0},"end":{"line":13,"column":56}},"13":{"start":{"line":14,"column":0},"end":{"line":14,"column":9}},"16":{"start":{"line":17,"column":0},"end":{"line":17,"column":37}},"17":{"start":{"line":18,"column":0},"end":{"line":18,"column":25}},"18":{"start":{"line":19,"column":0},"end":{"line":19,"column":9}},"20":{"start":{"line":21,"column":0},"end":{"line":21,"column":38}},"21":{"start":{"line":22,"column":0},"end":{"line":22,"column":49}},"22":{"start":{"line":23,"column":0},"end":{"line":23,"column":46}},"23":{"start":{"line":24,"column":0},"end":{"line":24,"column":25}},"24":{"start":{"line":25,"column":0},"end":{"line":25,"column":30}},"25":{"start":{"line":26,"column":0},"end":{"line":26,"column":70}},"26":{"start":{"line":27,"column":0},"end":{"line":27,"column":73}},"29":{"start":{"line":30,"column":0},"end":{"line":30,"column":17}},"30":{"start":{"line":31,"column":0},"end":{"line":31,"column":43}},"31":{"start":{"line":32,"column":0},"end":{"line":32,"column":60}},"32":{"start":{"line":33,"column":0},"end":{"line":33,"column":9}},"33":{"start":{"line":34,"column":0},"end":{"line":34,"column":57}},"34":{"start":{"line":35,"column":0},"end":{"line":35,"column":55}},"35":{"start":{"line":36,"column":0},"end":{"line":36,"column":25}},"36":{"start":{"line":37,"column":0},"end":{"line":37,"column":9}},"39":{"start":{"line":40,"column":0},"end":{"line":40,"column":30}},"40":{"start":{"line":41,"column":0},"end":{"line":41,"column":45}},"41":{"start":{"line":42,"column":0},"end":{"line":42,"column":17}},"42":{"start":{"line":43,"column":0},"end":{"line":43,"column":43}},"43":{"start":{"line":44,"column":0},"end":{"line":44,"column":60}},"44":{"start":{"line":45,"column":0},"end":{"line":45,"column":9}},"45":{"start":{"line":46,"column":0},"end":{"line":46,"column":57}},"46":{"start":{"line":47,"column":0},"end":{"line":47,"column":55}},"47":{"start":{"line":48,"column":0},"end":{"line":48,"column":25}},"48":{"start":{"line":49,"column":0},"end":{"line":49,"column":9}},"50":{"start":{"line":51,"column":0},"end":{"line":51,"column":35}},"51":{"start":{"line":52,"column":0},"end":{"line":52,"column":5}},"53":{"start":{"line":54,"column":0},"end":{"line":54,"column":59}},"54":{"start":{"line":55,"column":0},"end":{"line":55,"column":123}},"55":{"start":{"line":56,"column":0},"end":{"line":56,"column":5}},"57":{"start":{"line":58,"column":0},"end":{"line":58,"column":52}},"58":{"start":{"line":59,"column":0},"end":{"line":59,"column":89}},"59":{"start":{"line":60,"column":0},"end":{"line":60,"column":5}},"61":{"start":{"line":62,"column":0},"end":{"line":62,"column":39}},"62":{"start":{"line":63,"column":0},"end":{"line":63,"column":83}},"63":{"start":{"line":64,"column":0},"end":{"line":64,"column":5}},"65":{"start":{"line":66,"column":0},"end":{"line":66,"column":50}},"66":{"start":{"line":67,"column":0},"end":{"line":67,"column":88}},"67":{"start":{"line":68,"column":0},"end":{"line":68,"column":5}},"69":{"start":{"line":70,"column":0},"end":{"line":70,"column":50}},"70":{"start":{"line":71,"column":0},"end":{"line":71,"column":89}},"71":{"start":{"line":72,"column":0},"end":{"line":72,"column":5}},"72":{"start":{"line":73,"column":0},"end":{"line":73,"column":1}}},"s":{"5":1,"6":1,"8":1,"9":8,"11":8,"12":1,"13":1,"16":8,"17":0,"18":0,"20":7,"21":7,"22":7,"23":7,"24":7,"25":7,"26":7,"29":7,"30":8,"31":84,"32":84,"33":8,"34":8,"35":0,"36":0,"39":7,"40":7,"41":7,"42":8,"43":91,"44":91,"45":8,"46":8,"47":1,"48":1,"50":6,"51":8,"53":1,"54":0,"55":0,"57":1,"58":19,"59":19,"61":1,"62":3,"63":3,"65":1,"66":2,"67":2,"69":1,"70":0,"71":0,"72":1},"branchMap":{"0":{"type":"branch","line":7,"loc":{"start":{"line":7,"column":4},"end":{"line":7,"column":20}},"locations":[{"start":{"line":7,"column":4},"end":{"line":7,"column":20}}]},"1":{"type":"branch","line":9,"loc":{"start":{"line":9,"column":4},"end":{"line":52,"column":5}},"locations":[{"start":{"line":9,"column":4},"end":{"line":52,"column":5}}]},"2":{"type":"branch","line":12,"loc":{"start":{"line":12,"column":32},"end":{"line":14,"column":9}},"locations":[{"start":{"line":12,"column":32},"end":{"line":14,"column":9}}]},"3":{"type":"branch","line":14,"loc":{"start":{"line":14,"column":8},"end":{"line":17,"column":36}},"locations":[{"start":{"line":14,"column":8},"end":{"line":17,"column":36}}]},"4":{"type":"branch","line":17,"loc":{"start":{"line":17,"column":36},"end":{"line":19,"column":9}},"locations":[{"start":{"line":17,"column":36},"end":{"line":19,"column":9}}]},"5":{"type":"branch","line":19,"loc":{"start":{"line":19,"column":8},"end":{"line":31,"column":42}},"locations":[{"start":{"line":19,"column":8},"end":{"line":31,"column":42}}]},"6":{"type":"branch","line":31,"loc":{"start":{"line":31,"column":42},"end":{"line":33,"column":9}},"locations":[{"start":{"line":31,"column":42},"end":{"line":33,"column":9}}]},"7":{"type":"branch","line":33,"loc":{"start":{"line":33,"column":8},"end":{"line":34,"column":40}},"locations":[{"start":{"line":33,"column":8},"end":{"line":34,"column":40}}]},"8":{"type":"branch","line":34,"loc":{"start":{"line":34,"column":36},"end":{"line":34,"column":57}},"locations":[{"start":{"line":34,"column":36},"end":{"line":34,"column":57}}]},"9":{"type":"branch","line":35,"loc":{"start":{"line":35,"column":54},"end":{"line":37,"column":9}},"locations":[{"start":{"line":35,"column":54},"end":{"line":37,"column":9}}]},"10":{"type":"branch","line":37,"loc":{"start":{"line":37,"column":8},"end":{"line":43,"column":42}},"locations":[{"start":{"line":37,"column":8},"end":{"line":43,"column":42}}]},"11":{"type":"branch","line":43,"loc":{"start":{"line":43,"column":42},"end":{"line":45,"column":9}},"locations":[{"start":{"line":43,"column":42},"end":{"line":45,"column":9}}]},"12":{"type":"branch","line":45,"loc":{"start":{"line":45,"column":8},"end":{"line":46,"column":40}},"locations":[{"start":{"line":45,"column":8},"end":{"line":46,"column":40}}]},"13":{"type":"branch","line":46,"loc":{"start":{"line":46,"column":36},"end":{"line":46,"column":57}},"locations":[{"start":{"line":46,"column":36},"end":{"line":46,"column":57}}]},"14":{"type":"branch","line":47,"loc":{"start":{"line":47,"column":54},"end":{"line":49,"column":9}},"locations":[{"start":{"line":47,"column":54},"end":{"line":49,"column":9}}]},"15":{"type":"branch","line":49,"loc":{"start":{"line":49,"column":8},"end":{"line":51,"column":35}},"locations":[{"start":{"line":49,"column":8},"end":{"line":51,"column":35}}]},"16":{"type":"branch","line":58,"loc":{"start":{"line":58,"column":4},"end":{"line":60,"column":5}},"locations":[{"start":{"line":58,"column":4},"end":{"line":60,"column":5}}]},"17":{"type":"branch","line":62,"loc":{"start":{"line":62,"column":4},"end":{"line":64,"column":5}},"locations":[{"start":{"line":62,"column":4},"end":{"line":64,"column":5}}]},"18":{"type":"branch","line":66,"loc":{"start":{"line":66,"column":4},"end":{"line":68,"column":5}},"locations":[{"start":{"line":66,"column":4},"end":{"line":68,"column":5}}]}},"b":{"0":[4],"1":[8],"2":[1],"3":[7],"4":[0],"5":[7],"6":[84],"7":[7],"8":[0],"9":[0],"10":[7],"11":[91],"12":[7],"13":[0],"14":[1],"15":[6],"16":[19],"17":[3],"18":[2]},"fnMap":{"0":{"name":"StringFormaters","decl":{"start":{"line":7,"column":4},"end":{"line":7,"column":20}},"loc":{"start":{"line":7,"column":4},"end":{"line":7,"column":20}},"line":7},"1":{"name":"validateCnpj","decl":{"start":{"line":9,"column":4},"end":{"line":52,"column":5}},"loc":{"start":{"line":9,"column":4},"end":{"line":52,"column":5}},"line":9},"2":{"name":"formatCnpjNumberToString","decl":{"start":{"line":54,"column":4},"end":{"line":56,"column":5}},"loc":{"start":{"line":54,"column":4},"end":{"line":56,"column":5}},"line":54},"3":{"name":"formatCnpjStringToNumber","decl":{"start":{"line":58,"column":4},"end":{"line":60,"column":5}},"loc":{"start":{"line":58,"column":4},"end":{"line":60,"column":5}},"line":58},"4":{"name":"validateCep","decl":{"start":{"line":62,"column":4},"end":{"line":64,"column":5}},"loc":{"start":{"line":62,"column":4},"end":{"line":64,"column":5}},"line":62},"5":{"name":"formatCepStringToNumber","decl":{"start":{"line":66,"column":4},"end":{"line":68,"column":5}},"loc":{"start":{"line":66,"column":4},"end":{"line":68,"column":5}},"line":66},"6":{"name":"formatCepNumberToString","decl":{"start":{"line":70,"column":4},"end":{"line":72,"column":5}},"loc":{"start":{"line":70,"column":4},"end":{"line":72,"column":5}},"line":70}},"f":{"0":4,"1":8,"2":0,"3":19,"4":3,"5":2,"6":0}}
}
