{"/home/alex-marques/Rocketseat/find_friend/src/domain/repositories/in-memory/OrgInMemoryRepository.ts": {"path":"/home/alex-marques/Rocketseat/find_friend/src/domain/repositories/in-memory/OrgInMemoryRepository.ts","all":false,"statementMap":{"0":{"start":{"line":1,"column":0},"end":{"line":1,"column":45}},"4":{"start":{"line":5,"column":0},"end":{"line":5,"column":61}},"5":{"start":{"line":6,"column":0},"end":{"line":6,"column":27}},"7":{"start":{"line":8,"column":0},"end":{"line":8,"column":58}},"8":{"start":{"line":9,"column":0},"end":{"line":9,"column":20}},"9":{"start":{"line":10,"column":0},"end":{"line":10,"column":25}},"10":{"start":{"line":11,"column":0},"end":{"line":11,"column":43}},"11":{"start":{"line":12,"column":0},"end":{"line":12,"column":21}},"12":{"start":{"line":13,"column":0},"end":{"line":13,"column":19}},"13":{"start":{"line":14,"column":0},"end":{"line":14,"column":17}},"14":{"start":{"line":15,"column":0},"end":{"line":15,"column":19}},"15":{"start":{"line":16,"column":0},"end":{"line":16,"column":35}},"16":{"start":{"line":17,"column":0},"end":{"line":17,"column":23}},"17":{"start":{"line":18,"column":0},"end":{"line":18,"column":27}},"18":{"start":{"line":19,"column":0},"end":{"line":19,"column":23}},"19":{"start":{"line":20,"column":0},"end":{"line":20,"column":27}},"20":{"start":{"line":21,"column":0},"end":{"line":21,"column":4}},"22":{"start":{"line":23,"column":0},"end":{"line":23,"column":23}},"24":{"start":{"line":25,"column":0},"end":{"line":25,"column":13}},"25":{"start":{"line":26,"column":0},"end":{"line":26,"column":2}},"27":{"start":{"line":28,"column":0},"end":{"line":28,"column":32}},"28":{"start":{"line":29,"column":0},"end":{"line":29,"column":57}},"29":{"start":{"line":30,"column":0},"end":{"line":30,"column":2}},"31":{"start":{"line":32,"column":0},"end":{"line":32,"column":36}},"32":{"start":{"line":33,"column":0},"end":{"line":33,"column":61}},"33":{"start":{"line":34,"column":0},"end":{"line":34,"column":2}},"35":{"start":{"line":36,"column":0},"end":{"line":36,"column":37}},"36":{"start":{"line":37,"column":0},"end":{"line":37,"column":55}},"37":{"start":{"line":38,"column":0},"end":{"line":38,"column":2}},"38":{"start":{"line":39,"column":0},"end":{"line":39,"column":1}}},"s":{"0":1,"4":1,"5":1,"7":1,"8":2,"9":2,"10":2,"11":2,"12":2,"13":2,"14":2,"15":2,"16":2,"17":2,"18":2,"19":2,"20":2,"22":2,"24":2,"25":2,"27":1,"28":0,"29":0,"31":1,"32":0,"33":0,"35":1,"36":1,"37":1,"38":1},"branchMap":{"0":{"type":"branch","line":5,"loc":{"start":{"line":5,"column":7},"end":{"line":6,"column":27}},"locations":[{"start":{"line":5,"column":7},"end":{"line":6,"column":27}}]},"1":{"type":"branch","line":8,"loc":{"start":{"line":8,"column":1},"end":{"line":26,"column":2}},"locations":[{"start":{"line":8,"column":1},"end":{"line":26,"column":2}}]},"2":{"type":"branch","line":10,"loc":{"start":{"line":10,"column":12},"end":{"line":10,"column":25}},"locations":[{"start":{"line":10,"column":12},"end":{"line":10,"column":25}}]},"3":{"type":"branch","line":36,"loc":{"start":{"line":36,"column":1},"end":{"line":38,"column":2}},"locations":[{"start":{"line":36,"column":1},"end":{"line":38,"column":2}}]},"4":{"type":"branch","line":37,"loc":{"start":{"line":37,"column":27},"end":{"line":37,"column":53}},"locations":[{"start":{"line":37,"column":27},"end":{"line":37,"column":53}}]}},"b":{"0":[1],"1":[2],"2":[0],"3":[1],"4":[2]},"fnMap":{"0":{"name":"OrgInMemoryRepository","decl":{"start":{"line":5,"column":7},"end":{"line":6,"column":27}},"loc":{"start":{"line":5,"column":7},"end":{"line":6,"column":27}},"line":5},"1":{"name":"registerOrg","decl":{"start":{"line":8,"column":1},"end":{"line":26,"column":2}},"loc":{"start":{"line":8,"column":1},"end":{"line":26,"column":2}},"line":8},"2":{"name":"findOrgById","decl":{"start":{"line":28,"column":1},"end":{"line":30,"column":2}},"loc":{"start":{"line":28,"column":1},"end":{"line":30,"column":2}},"line":28},"3":{"name":"findOrgByCnpj","decl":{"start":{"line":32,"column":1},"end":{"line":34,"column":2}},"loc":{"start":{"line":32,"column":1},"end":{"line":34,"column":2}},"line":32},"4":{"name":"listOrgsByCity","decl":{"start":{"line":36,"column":1},"end":{"line":38,"column":2}},"loc":{"start":{"line":36,"column":1},"end":{"line":38,"column":2}},"line":36}},"f":{"0":1,"1":2,"2":0,"3":0,"4":1}}
,"/home/alex-marques/Rocketseat/find_friend/src/domain/repositories/in-memory/PetInMemoryRepository.ts": {"path":"/home/alex-marques/Rocketseat/find_friend/src/domain/repositories/in-memory/PetInMemoryRepository.ts","all":false,"statementMap":{"0":{"start":{"line":1,"column":0},"end":{"line":1,"column":50}},"5":{"start":{"line":6,"column":0},"end":{"line":6,"column":61}},"6":{"start":{"line":7,"column":0},"end":{"line":7,"column":30}},"8":{"start":{"line":9,"column":0},"end":{"line":9,"column":61}},"9":{"start":{"line":10,"column":0},"end":{"line":10,"column":21}},"10":{"start":{"line":11,"column":0},"end":{"line":11,"column":20}},"11":{"start":{"line":12,"column":0},"end":{"line":12,"column":34}},"12":{"start":{"line":13,"column":0},"end":{"line":13,"column":27}},"13":{"start":{"line":14,"column":0},"end":{"line":14,"column":9}},"15":{"start":{"line":16,"column":0},"end":{"line":16,"column":29}},"17":{"start":{"line":18,"column":0},"end":{"line":18,"column":19}},"18":{"start":{"line":19,"column":0},"end":{"line":19,"column":5}},"20":{"start":{"line":21,"column":0},"end":{"line":21,"column":57}},"22":{"start":{"line":23,"column":0},"end":{"line":23,"column":93}},"24":{"start":{"line":25,"column":0},"end":{"line":25,"column":88}},"26":{"start":{"line":27,"column":0},"end":{"line":27,"column":55}},"27":{"start":{"line":28,"column":0},"end":{"line":28,"column":40}},"28":{"start":{"line":29,"column":0},"end":{"line":29,"column":73}},"29":{"start":{"line":30,"column":0},"end":{"line":30,"column":121}},"30":{"start":{"line":31,"column":0},"end":{"line":31,"column":37}},"31":{"start":{"line":32,"column":0},"end":{"line":32,"column":21}},"32":{"start":{"line":33,"column":0},"end":{"line":33,"column":17}},"33":{"start":{"line":34,"column":0},"end":{"line":34,"column":13}},"34":{"start":{"line":35,"column":0},"end":{"line":35,"column":24}},"35":{"start":{"line":36,"column":0},"end":{"line":36,"column":11}},"37":{"start":{"line":38,"column":0},"end":{"line":38,"column":28}},"38":{"start":{"line":39,"column":0},"end":{"line":39,"column":5}},"40":{"start":{"line":41,"column":0},"end":{"line":41,"column":40}},"41":{"start":{"line":42,"column":0},"end":{"line":42,"column":69}},"43":{"start":{"line":44,"column":0},"end":{"line":44,"column":18}},"44":{"start":{"line":45,"column":0},"end":{"line":45,"column":61}},"45":{"start":{"line":46,"column":0},"end":{"line":46,"column":9}},"47":{"start":{"line":48,"column":0},"end":{"line":48,"column":19}},"48":{"start":{"line":49,"column":0},"end":{"line":49,"column":5}},"50":{"start":{"line":51,"column":0},"end":{"line":51,"column":1}}},"s":{"0":1,"5":1,"6":1,"8":1,"9":3,"10":3,"11":3,"12":3,"13":3,"15":3,"17":3,"18":3,"20":1,"22":1,"24":1,"26":0,"27":0,"28":0,"29":0,"30":0,"31":0,"32":0,"33":0,"34":0,"35":0,"37":0,"38":1,"40":1,"41":0,"43":0,"44":0,"45":0,"47":0,"48":0,"50":1},"branchMap":{"0":{"type":"branch","line":6,"loc":{"start":{"line":6,"column":7},"end":{"line":7,"column":30}},"locations":[{"start":{"line":6,"column":7},"end":{"line":7,"column":30}}]},"1":{"type":"branch","line":9,"loc":{"start":{"line":9,"column":4},"end":{"line":19,"column":5}},"locations":[{"start":{"line":9,"column":4},"end":{"line":19,"column":5}}]},"2":{"type":"branch","line":12,"loc":{"start":{"line":12,"column":21},"end":{"line":12,"column":34}},"locations":[{"start":{"line":12,"column":21},"end":{"line":12,"column":34}}]},"3":{"type":"branch","line":21,"loc":{"start":{"line":21,"column":4},"end":{"line":39,"column":5}},"locations":[{"start":{"line":21,"column":4},"end":{"line":39,"column":5}}]},"4":{"type":"branch","line":25,"loc":{"start":{"line":25,"column":29},"end":{"line":38,"column":28}},"locations":[{"start":{"line":25,"column":29},"end":{"line":38,"column":28}}]},"5":{"type":"branch","line":23,"loc":{"start":{"line":23,"column":45},"end":{"line":23,"column":91}},"locations":[{"start":{"line":23,"column":45},"end":{"line":23,"column":91}}]},"6":{"type":"branch","line":23,"loc":{"start":{"line":23,"column":62},"end":{"line":23,"column":90}},"locations":[{"start":{"line":23,"column":62},"end":{"line":23,"column":90}}]}},"b":{"0":[1],"1":[3],"2":[0],"3":[1],"4":[0],"5":[3],"6":[3]},"fnMap":{"0":{"name":"PetInMemoryRepository","decl":{"start":{"line":6,"column":7},"end":{"line":7,"column":30}},"loc":{"start":{"line":6,"column":7},"end":{"line":7,"column":30}},"line":6},"1":{"name":"registerPet","decl":{"start":{"line":9,"column":4},"end":{"line":19,"column":5}},"loc":{"start":{"line":9,"column":4},"end":{"line":19,"column":5}},"line":9},"2":{"name":"listPets","decl":{"start":{"line":21,"column":4},"end":{"line":39,"column":5}},"loc":{"start":{"line":21,"column":4},"end":{"line":39,"column":5}},"line":21},"3":{"name":"getPetDetails","decl":{"start":{"line":41,"column":4},"end":{"line":49,"column":5}},"loc":{"start":{"line":41,"column":4},"end":{"line":49,"column":5}},"line":41}},"f":{"0":1,"1":3,"2":1,"3":0}}
,"/home/alex-marques/Rocketseat/find_friend/src/domain/use-cases/pet/listPetsUseCase.ts": {"path":"/home/alex-marques/Rocketseat/find_friend/src/domain/use-cases/pet/listPetsUseCase.ts","all":false,"statementMap":{"0":{"start":{"line":1,"column":0},"end":{"line":1,"column":68}},"4":{"start":{"line":5,"column":0},"end":{"line":5,"column":30}},"5":{"start":{"line":6,"column":0},"end":{"line":6,"column":53}},"7":{"start":{"line":8,"column":0},"end":{"line":8,"column":56}},"9":{"start":{"line":10,"column":0},"end":{"line":10,"column":31}},"10":{"start":{"line":11,"column":0},"end":{"line":11,"column":60}},"11":{"start":{"line":12,"column":0},"end":{"line":12,"column":9}},"13":{"start":{"line":14,"column":0},"end":{"line":14,"column":67}},"15":{"start":{"line":16,"column":0},"end":{"line":16,"column":31}},"16":{"start":{"line":17,"column":0},"end":{"line":17,"column":74}},"17":{"start":{"line":18,"column":0},"end":{"line":18,"column":9}},"19":{"start":{"line":20,"column":0},"end":{"line":20,"column":21}},"20":{"start":{"line":21,"column":0},"end":{"line":21,"column":5}},"21":{"start":{"line":22,"column":0},"end":{"line":22,"column":1}}},"s":{"0":1,"4":1,"5":1,"7":1,"9":1,"10":0,"11":0,"13":1,"15":1,"16":0,"17":0,"19":1,"20":1,"21":1},"branchMap":{"0":{"type":"branch","line":6,"loc":{"start":{"line":6,"column":4},"end":{"line":6,"column":53}},"locations":[{"start":{"line":6,"column":4},"end":{"line":6,"column":53}}]},"1":{"type":"branch","line":8,"loc":{"start":{"line":8,"column":4},"end":{"line":21,"column":5}},"locations":[{"start":{"line":8,"column":4},"end":{"line":21,"column":5}}]},"2":{"type":"branch","line":10,"loc":{"start":{"line":10,"column":30},"end":{"line":12,"column":9}},"locations":[{"start":{"line":10,"column":30},"end":{"line":12,"column":9}}]},"3":{"type":"branch","line":16,"loc":{"start":{"line":16,"column":30},"end":{"line":18,"column":9}},"locations":[{"start":{"line":16,"column":30},"end":{"line":18,"column":9}}]}},"b":{"0":[1],"1":[1],"2":[0],"3":[0]},"fnMap":{"0":{"name":"ListPetsUseCase","decl":{"start":{"line":6,"column":4},"end":{"line":6,"column":53}},"loc":{"start":{"line":6,"column":4},"end":{"line":6,"column":53}},"line":6},"1":{"name":"execute","decl":{"start":{"line":8,"column":4},"end":{"line":21,"column":5}},"loc":{"start":{"line":8,"column":4},"end":{"line":21,"column":5}},"line":8}},"f":{"0":1,"1":1}}
,"/home/alex-marques/Rocketseat/find_friend/src/errors/NotFoundError.ts": {"path":"/home/alex-marques/Rocketseat/find_friend/src/errors/NotFoundError.ts","all":false,"statementMap":{"1":{"start":{"line":2,"column":0},"end":{"line":2,"column":50}},"2":{"start":{"line":3,"column":0},"end":{"line":3,"column":35}},"3":{"start":{"line":4,"column":0},"end":{"line":4,"column":21}},"4":{"start":{"line":5,"column":0},"end":{"line":5,"column":27}},"5":{"start":{"line":6,"column":0},"end":{"line":6,"column":19}},"6":{"start":{"line":7,"column":0},"end":{"line":7,"column":9}},"7":{"start":{"line":8,"column":0},"end":{"line":8,"column":15}},"8":{"start":{"line":9,"column":0},"end":{"line":9,"column":5}},"9":{"start":{"line":10,"column":0},"end":{"line":10,"column":1}}},"s":{"1":1,"2":1,"3":0,"4":0,"5":0,"6":0,"7":0,"8":0,"9":1},"branchMap":{},"b":{},"fnMap":{"0":{"name":"ResourceNotFoundError","decl":{"start":{"line":3,"column":4},"end":{"line":9,"column":5}},"loc":{"start":{"line":3,"column":4},"end":{"line":9,"column":5}},"line":3}},"f":{"0":0}}
}
